  Source.cpp
c:\users\sushanth\documents\visual studio 2015\projects\project15\source.cpp(51): warning C4018: '<': signed/unsigned mismatch
c:\users\sushanth\documents\visual studio 2015\projects\project15\source.cpp(53): warning C4244: 'argument': conversion from 'int' to 'GLfloat', possible loss of data
c:\users\sushanth\documents\visual studio 2015\projects\project15\source.cpp(54): warning C4244: 'argument': conversion from 'int' to 'GLfloat', possible loss of data
c:\users\sushanth\documents\visual studio 2015\projects\project15\source.cpp(60): warning C4018: '<': signed/unsigned mismatch
c:\users\sushanth\documents\visual studio 2015\projects\project15\source.cpp(64): warning C4244: 'argument': conversion from 'int' to 'GLfloat', possible loss of data
c:\users\sushanth\documents\visual studio 2015\projects\project15\source.cpp(65): warning C4244: 'argument': conversion from 'int' to 'GLfloat', possible loss of data
c:\users\sushanth\documents\visual studio 2015\projects\project15\source.cpp(80): warning C4018: '<': signed/unsigned mismatch
c:\users\sushanth\documents\visual studio 2015\projects\project15\source.cpp(91): warning C4018: '<': signed/unsigned mismatch
c:\users\sushanth\documents\visual studio 2015\projects\project15\source.cpp(95): warning C4244: 'argument': conversion from 'int' to 'GLfloat', possible loss of data
c:\users\sushanth\documents\visual studio 2015\projects\project15\source.cpp(96): warning C4244: 'argument': conversion from 'int' to 'GLfloat', possible loss of data
c:\users\sushanth\documents\visual studio 2015\projects\project15\source.cpp(98): warning C4244: 'argument': conversion from 'int' to 'GLfloat', possible loss of data
c:\users\sushanth\documents\visual studio 2015\projects\project15\source.cpp(99): warning C4244: 'argument': conversion from 'int' to 'GLfloat', possible loss of data
c:\users\sushanth\documents\visual studio 2015\projects\project15\source.cpp(101): warning C4244: 'argument': conversion from 'int' to 'GLfloat', possible loss of data
c:\users\sushanth\documents\visual studio 2015\projects\project15\source.cpp(102): warning C4244: 'argument': conversion from 'int' to 'GLfloat', possible loss of data
c:\users\sushanth\documents\visual studio 2015\projects\project15\source.cpp(104): warning C4244: 'argument': conversion from 'int' to 'GLfloat', possible loss of data
c:\users\sushanth\documents\visual studio 2015\projects\project15\source.cpp(105): warning C4244: 'argument': conversion from 'int' to 'GLfloat', possible loss of data
c:\users\sushanth\documents\visual studio 2015\projects\project15\source.cpp(119): warning C4018: '<': signed/unsigned mismatch
c:\users\sushanth\documents\visual studio 2015\projects\project15\source.cpp(121): warning C4244: 'initializing': conversion from 'int' to 'float', possible loss of data
c:\users\sushanth\documents\visual studio 2015\projects\project15\source.cpp(122): warning C4244: 'initializing': conversion from 'int' to 'float', possible loss of data
c:\users\sushanth\documents\visual studio 2015\projects\project15\source.cpp(123): warning C4244: 'initializing': conversion from 'int' to 'float', possible loss of data
c:\users\sushanth\documents\visual studio 2015\projects\project15\source.cpp(124): warning C4244: 'initializing': conversion from 'int' to 'float', possible loss of data
c:\users\sushanth\documents\visual studio 2015\projects\project15\source.cpp(133): warning C4244: 'argument': conversion from 'int' to 'GLfloat', possible loss of data
c:\users\sushanth\documents\visual studio 2015\projects\project15\source.cpp(155): warning C4018: '<': signed/unsigned mismatch
c:\users\sushanth\documents\visual studio 2015\projects\project15\source.cpp(157): warning C4244: 'argument': conversion from 'int' to 'GLfloat', possible loss of data
c:\users\sushanth\documents\visual studio 2015\projects\project15\source.cpp(165): warning C4018: '<': signed/unsigned mismatch
c:\users\sushanth\documents\visual studio 2015\projects\project15\source.cpp(168): warning C4244: 'argument': conversion from 'int' to 'GLfloat', possible loss of data
c:\users\sushanth\documents\visual studio 2015\projects\project15\source.cpp(169): warning C4244: 'argument': conversion from 'int' to 'GLfloat', possible loss of data
c:\users\sushanth\documents\visual studio 2015\projects\project15\source.cpp(323): warning C4018: '<': signed/unsigned mismatch
c:\users\sushanth\documents\visual studio 2015\projects\project15\source.cpp(337): warning C4018: '<': signed/unsigned mismatch
c:\users\sushanth\documents\visual studio 2015\projects\project15\source.cpp(351): warning C4018: '<': signed/unsigned mismatch
c:\users\sushanth\documents\visual studio 2015\projects\project15\source.cpp(366): warning C4018: '<': signed/unsigned mismatch
  Project15.vcxproj -> C:\Users\sushanth\documents\visual studio 2015\Projects\Project15\Debug\Project15.exe
  Project15.vcxproj -> C:\Users\sushanth\documents\visual studio 2015\Projects\Project15\Debug\Project15.pdb (Partial PDB)
